Using pre-set license
Built from '2020.3/staging' branch; Version is '2020.3.20f1 (41c4e627c95f) revision 4310246'; Using compiler version '192528614'; Build Type 'Release'
OS: 'Windows 10 Home Single Language; OS build 22621.3880; Version 2009; 64bit' Language: 'en' Physical Memory: 15628 MB
BatchMode: 1, IsHumanControllingUs: 0, StartBugReporterOnCrash: 0, Is64bit: 1, IsPro: 0

COMMAND LINE ARGUMENTS:
C:\Program Files\Unity\Hub\Editor\2020.3.20f1\Editor\Unity.exe
-adb2
-batchMode
-noUpm
-name
AssetImportWorker0
-projectPath
O:/NMS Games/Funreep without artifact/Funreep without artifact
-logFile
Logs/AssetImportWorker0.log
-srvPort
59492
Successfully changed project path to: O:/NMS Games/Funreep without artifact/Funreep without artifact
O:/NMS Games/Funreep without artifact/Funreep without artifact
Using Asset Import Pipeline V2.
Refreshing native plugins compatible for Editor in 525.18 ms, found 2 plugins.
Preloading 0 native plugins for Editor in 0.00 ms.
Initialize engine version: 2020.3.20f1 (41c4e627c95f)
[Subsystems] Discovering subsystems at path C:/Program Files/Unity/Hub/Editor/2020.3.20f1/Editor/Data/Resources/UnitySubsystems
[Subsystems] Discovering subsystems at path O:/NMS Games/Funreep without artifact/Funreep without artifact/Assets
GfxDevice: creating device client; threaded=0
Direct3D:
    Version:  Direct3D 11.0 [level 11.1]
    Renderer: NVIDIA GeForce RTX 3050 Laptop GPU (ID=0x25a2)
    Vendor:   
    VRAM:     3977 MB
    Driver:   31.0.15.4609
Initialize mono
Mono path[0] = 'C:/Program Files/Unity/Hub/Editor/2020.3.20f1/Editor/Data/Managed'
Mono path[1] = 'C:/Program Files/Unity/Hub/Editor/2020.3.20f1/Editor/Data/MonoBleedingEdge/lib/mono/unityjit'
Mono config path = 'C:/Program Files/Unity/Hub/Editor/2020.3.20f1/Editor/Data/MonoBleedingEdge/etc'
Using monoOptions --debugger-agent=transport=dt_socket,embedding=1,server=y,suspend=n,address=127.0.0.1:56344
Begin MonoManager ReloadAssembly
Registering precompiled unity dll's ...
Register platform support module: C:/Program Files/Unity/Hub/Editor/2020.3.20f1/Editor/Data/PlaybackEngines/WindowsStandaloneSupport/UnityEditor.WindowsStandalone.Extensions.dll
Registered in 0.205005 seconds.
Native extension for WindowsStandalone target not found
Refreshing native plugins compatible for Editor in 74.71 ms, found 2 plugins.
Preloading 0 native plugins for Editor in 0.00 ms.
Mono: successfully reloaded assembly
- Completed reload, in  6.225 seconds
Domain Reload Profiling:
	ReloadAssembly (6226ms)
		BeginReloadAssembly (3125ms)
			ExecutionOrderSort (0ms)
			DisableScriptedObjects (0ms)
			BackupInstance (0ms)
			ReleaseScriptingObjects (0ms)
			CreateAndSetChildDomain (1ms)
		EndReloadAssembly (800ms)
			LoadAssemblies (3130ms)
			RebuildTransferFunctionScriptingTraits (0ms)
			SetupTypeCache (504ms)
			ReleaseScriptCaches (0ms)
			RebuildScriptCaches (20ms)
			SetupLoadedEditorAssemblies (185ms)
				LogAssemblyErrors (0ms)
				InitializePlatformSupportModulesInManaged (4ms)
				SetLoadedEditorAssemblies (0ms)
				RefreshPlugins (75ms)
				BeforeProcessingInitializeOnLoad (14ms)
				ProcessInitializeOnLoadAttributes (63ms)
				ProcessInitializeOnLoadMethodAttributes (29ms)
				AfterProcessingInitializeOnLoad (0ms)
				EditorAssembliesLoaded (0ms)
			ExecutionOrderSort2 (0ms)
			AwakeInstancesAfterBackupRestoration (0ms)
Platform modules already initialized, skipping
Registering precompiled user dll's ...
Registered in 0.521101 seconds.
Begin MonoManager ReloadAssembly
Native extension for WindowsStandalone target not found
Refreshing native plugins compatible for Editor in 95.32 ms, found 2 plugins.
Preloading 0 native plugins for Editor in 0.00 ms.
Mono: successfully reloaded assembly
- Completed reload, in  1.108 seconds
Domain Reload Profiling:
	ReloadAssembly (1115ms)
		BeginReloadAssembly (108ms)
			ExecutionOrderSort (0ms)
			DisableScriptedObjects (4ms)
			BackupInstance (0ms)
			ReleaseScriptingObjects (0ms)
			CreateAndSetChildDomain (21ms)
		EndReloadAssembly (962ms)
			LoadAssemblies (68ms)
			RebuildTransferFunctionScriptingTraits (0ms)
			SetupTypeCache (227ms)
			ReleaseScriptCaches (1ms)
			RebuildScriptCaches (41ms)
			SetupLoadedEditorAssemblies (381ms)
				LogAssemblyErrors (0ms)
				InitializePlatformSupportModulesInManaged (3ms)
				SetLoadedEditorAssemblies (0ms)
				RefreshPlugins (95ms)
				BeforeProcessingInitializeOnLoad (65ms)
				ProcessInitializeOnLoadAttributes (210ms)
				ProcessInitializeOnLoadMethodAttributes (4ms)
				AfterProcessingInitializeOnLoad (3ms)
				EditorAssembliesLoaded (0ms)
			ExecutionOrderSort2 (0ms)
			AwakeInstancesAfterBackupRestoration (6ms)
Platform modules already initialized, skipping
========================================================================
Worker process is ready to serve import requests
Launched and connected shader compiler UnityShaderCompiler.exe after 0.05 seconds
Refreshing native plugins compatible for Editor in 4.41 ms, found 2 plugins.
Preloading 0 native plugins for Editor in 0.00 ms.
Unloading 3058 Unused Serialized files (Serialized files now loaded: 0)
System memory in use before: 135.3 MB.
System memory in use after: 134.2 MB.

Unloading 181 unused Assets to reduce memory usage. Loaded Objects now: 3381.
Total: 7.331000 ms (FindLiveObjects: 0.686400 ms CreateObjectMapping: 0.140600 ms MarkObjects: 5.375900 ms  DeleteObjects: 1.125900 ms)

AssetImportParameters requested are different than current active one (requested -> active):
  custom:framework-win-MediaFoundation: 216162199b28c13a410421893ffa2e32 -> 
  custom:video-decoder-ogg-theora: a1e56fd34408186e4bbccfd4996cb3dc -> 
  custom:container-muxer-webm: aa71ff27fc2769a1b78a27578f13a17b -> 
  custom:container-demuxer-webm: 4f35f7cbe854078d1ac9338744f61a02 -> 
  custom:container-demuxer-ogg: 62fdf1f143b41e24485cea50d1cbac27 -> 
  custom:video-encoder-webm-vp8: eb34c28f22e8b96e1ab97ce403110664 -> 
  custom:video-codec-MediaFoundation-h265: 746d11721c4dcdbdad8f713fa42b33f4 -> 
  custom:video-decoder-webm-vp8: 9c59270c3fd7afecdb556c50c9e8de78 -> 
  custom:audio-decoder-ogg-vorbis: bf7c407c2cedff20999df2af8eb42d56 -> 
  custom:audio-encoder-webm-vorbis: bf7c407c2cedff20999df2af8eb42d56 -> 
========================================================================
Received Import Request.
  path: Assets/Dots.prefab
  artifactKey: Guid(22d504514a8a434449ac4588b42e0c6d) Importer(815301076,1909f56bfc062723c751e8b465ee728b)
Start importing Assets/Dots.prefab using Guid(22d504514a8a434449ac4588b42e0c6d) Importer(815301076,1909f56bfc062723c751e8b465ee728b)  -> (artifact id: 'bdbaab0880eacf43eb8b9ca3911b4d34') in 0.080790 seconds 
  Import took 0.088005 seconds .

========================================================================
Received Import Request.
  Time since last request: 0.000168 seconds.
  path: Assets/MyAccount.prefab
  artifactKey: Guid(9dcf1c42a42bc984e93196855ad8157d) Importer(815301076,1909f56bfc062723c751e8b465ee728b)
Start importing Assets/MyAccount.prefab using Guid(9dcf1c42a42bc984e93196855ad8157d) Importer(815301076,1909f56bfc062723c751e8b465ee728b)  -> (artifact id: '08f5e490b65518b5090b7ffd8d5bceb2') in 0.034971 seconds 
  Import took 0.040417 seconds .

========================================================================
Received Import Request.
  Time since last request: 0.000183 seconds.
  path: Assets/soundmanager.prefab
  artifactKey: Guid(c4b3cb85a9e94ef4b8908d197715778a) Importer(815301076,1909f56bfc062723c751e8b465ee728b)
Start importing Assets/soundmanager.prefab using Guid(c4b3cb85a9e94ef4b8908d197715778a) Importer(815301076,1909f56bfc062723c751e8b465ee728b)  -> (artifact id: '6094107cd5cd788bb7aa16200a039a4f') in 0.011456 seconds 
  Import took 0.016512 seconds .

========================================================================
Received Import Request.
  Time since last request: 0.000193 seconds.
  path: Assets/Stop Betting.png
  artifactKey: Guid(63c361df510b90f41878cae92a59db08) Importer(815301076,1909f56bfc062723c751e8b465ee728b)
Start importing Assets/Stop Betting.png using Guid(63c361df510b90f41878cae92a59db08) Importer(815301076,1909f56bfc062723c751e8b465ee728b)  -> (artifact id: '5a92e7ca14ece9e03601ad128b2e9937') in 0.090149 seconds 
  Import took 0.095242 seconds .

========================================================================
Received Import Request.
  Time since last request: 0.000214 seconds.
  path: Assets/Icon.png
  artifactKey: Guid(d261be0a912b53848b2e318e17cde164) Importer(815301076,1909f56bfc062723c751e8b465ee728b)
Start importing Assets/Icon.png using Guid(d261be0a912b53848b2e318e17cde164) Importer(815301076,1909f56bfc062723c751e8b465ee728b)  -> (artifact id: '886fe2b55ddc51e950c810925b89f675') in 0.024412 seconds 
  Import took 0.029062 seconds .

========================================================================
Received Import Request.
  Time since last request: 0.000168 seconds.
  path: Assets/place_your_bet.png
  artifactKey: Guid(c672fa6e2e3668147877b31bef6af0a4) Importer(815301076,1909f56bfc062723c751e8b465ee728b)
Start importing Assets/place_your_bet.png using Guid(c672fa6e2e3668147877b31bef6af0a4) Importer(815301076,1909f56bfc062723c751e8b465ee728b)  -> (artifact id: 'afd34bdbfce1f18695591dda8dff67d9') in 0.015714 seconds 
  Import took 0.020770 seconds .

========================================================================
Received Import Request.
  Time since last request: 0.000173 seconds.
  path: Assets/DoubleUpPanel.prefab
  artifactKey: Guid(db0854a610305f04fb0457d18bf97819) Importer(815301076,1909f56bfc062723c751e8b465ee728b)
Start importing Assets/DoubleUpPanel.prefab using Guid(db0854a610305f04fb0457d18bf97819) Importer(815301076,1909f56bfc062723c751e8b465ee728b)  -> (artifact id: 'e16b0ff84dc4b42d32394faf24cd18dc') in 0.047903 seconds 
  Import took 0.053025 seconds .

========================================================================
Received Import Request.
  Time since last request: 0.000198 seconds.
  path: Assets/MicrosoftTeams-image (2).png
  artifactKey: Guid(0d6d95bd2686d1a49849928fde187428) Importer(815301076,1909f56bfc062723c751e8b465ee728b)
Start importing Assets/MicrosoftTeams-image (2).png using Guid(0d6d95bd2686d1a49849928fde187428) Importer(815301076,1909f56bfc062723c751e8b465ee728b)  -> (artifact id: 'a1db9f95fac948a5b704c70d33396863') in 0.035325 seconds 
  Import took 0.040353 seconds .

========================================================================
Received Prepare
Refreshing native plugins compatible for Editor in 29.86 ms, found 2 plugins.
Preloading 0 native plugins for Editor in 0.00 ms.
Unloading 174 Unused Serialized files (Serialized files now loaded: 0)
System memory in use before: 78.7 MB.
System memory in use after: 77.8 MB.

Unloading 177 unused Assets to reduce memory usage. Loaded Objects now: 3395.
Total: 4.602700 ms (FindLiveObjects: 0.356800 ms CreateObjectMapping: 0.163200 ms MarkObjects: 3.416900 ms  DeleteObjects: 0.665100 ms)

AssetImportParameters requested are different than current active one (requested -> active):
  custom:framework-win-MediaFoundation: 216162199b28c13a410421893ffa2e32 -> 
  custom:video-decoder-ogg-theora: a1e56fd34408186e4bbccfd4996cb3dc -> 
  custom:container-muxer-webm: aa71ff27fc2769a1b78a27578f13a17b -> 
  custom:container-demuxer-webm: 4f35f7cbe854078d1ac9338744f61a02 -> 
  custom:container-demuxer-ogg: 62fdf1f143b41e24485cea50d1cbac27 -> 
  custom:video-encoder-webm-vp8: eb34c28f22e8b96e1ab97ce403110664 -> 
  custom:video-codec-MediaFoundation-h265: 746d11721c4dcdbdad8f713fa42b33f4 -> 
  custom:video-decoder-webm-vp8: 9c59270c3fd7afecdb556c50c9e8de78 -> 
  custom:audio-decoder-ogg-vorbis: bf7c407c2cedff20999df2af8eb42d56 -> 
  custom:audio-encoder-webm-vorbis: bf7c407c2cedff20999df2af8eb42d56 -> 
AssetImportWorkerClient::OnTransportError - code=2 error=End of file
